SF:C:\Users\slavi\source\repos\InternetStore\InternetStore\ItemsFilter.cs
FN:5,System.Collections.Generic.List`1<InternetStore.StoreItem> InternetStore.ItemsFilter::FilterByName(System.Collections.Generic.List`1<InternetStore.StoreItem>,System.String)
FNDA:0,System.Collections.Generic.List`1<InternetStore.StoreItem> InternetStore.ItemsFilter::FilterByName(System.Collections.Generic.List`1<InternetStore.StoreItem>,System.String)
DA:6,0
DA:7,0
DA:9,0
DA:10,0
DA:11,0
DA:12,0
DA:13,0
DA:14,0
DA:15,0
DA:17,0
DA:18,0
BRDA:9,60,1,0
BRDA:11,40,0,0
BRDA:11,40,1,0
BRDA:9,60,0,0
FN:20,System.Collections.Generic.List`1<InternetStore.StoreItem> InternetStore.ItemsFilter::FilterByPrice(System.Collections.Generic.List`1<InternetStore.StoreItem>,System.Decimal,System.Boolean)
FNDA:1,System.Collections.Generic.List`1<InternetStore.StoreItem> InternetStore.ItemsFilter::FilterByPrice(System.Collections.Generic.List`1<InternetStore.StoreItem>,System.Decimal,System.Boolean)
DA:21,1
DA:22,1
DA:24,11
DA:25,4
DA:26,4
DA:27,3
DA:28,3
DA:29,3
DA:30,4
DA:32,1
DA:33,1
BRDA:24,61,1,4
BRDA:26,41,0,3
BRDA:26,41,1,4
BRDA:24,61,0,1
FN:35,System.Boolean InternetStore.ItemsFilter::ComparePrices(System.Decimal,System.Decimal,System.Boolean)
FNDA:4,System.Boolean InternetStore.ItemsFilter::ComparePrices(System.Decimal,System.Decimal,System.Boolean)
DA:36,4
DA:37,4
DA:38,4
DA:39,4
DA:42,0
DA:43,4
BRDA:37,4,0,4
BRDA:37,4,1,0
FN:45,System.Boolean InternetStore.ItemsFilter::CheckCollectionsAreTheSame(System.Collections.Generic.List`1<InternetStore.StoreItem>,System.Collections.Generic.List`1<InternetStore.StoreItem>)
FNDA:1,System.Boolean InternetStore.ItemsFilter::CheckCollectionsAreTheSame(System.Collections.Generic.List`1<InternetStore.StoreItem>,System.Collections.Generic.List`1<InternetStore.StoreItem>)
DA:46,1
DA:47,9
DA:48,3
DA:49,3
DA:50,3
DA:52,1
DA:53,1
BRDA:47,46,1,3
BRDA:49,32,0,0
BRDA:49,32,1,3
BRDA:47,46,0,1
LF:35
LH:23
BRF:14
BRH:8
FNF:4
FNH:3
end_of_record
SF:C:\Users\slavi\source\repos\InternetStore\InternetStore\Program.cs
FN:5,System.Void InternetStore.Program::Main(System.String[])
FNDA:0,System.Void InternetStore.Program::Main(System.String[])
DA:6,0
DA:7,0
DA:8,0
LF:3
LH:0
BRF:0
BRH:0
FNF:1
FNH:0
end_of_record
SF:C:\Users\slavi\source\repos\InternetStore\InternetStore\StoreItem.cs
FN:4,System.String InternetStore.StoreItem::get_Name()
FNDA:4,System.String InternetStore.StoreItem::get_Name()
DA:5,4
FN:6,System.String InternetStore.StoreItem::get_Id()
FNDA:4,System.String InternetStore.StoreItem::get_Id()
DA:7,4
FN:8,System.Decimal InternetStore.StoreItem::get_Price()
FNDA:8,System.Decimal InternetStore.StoreItem::get_Price()
DA:9,8
FN:10,System.Void InternetStore.StoreItem::.ctor(System.String,System.String,System.Decimal)
FNDA:4,System.Void InternetStore.StoreItem::.ctor(System.String,System.String,System.Decimal)
DA:11,4
DA:12,4
DA:13,4
DA:14,4
DA:15,4
DA:16,4
LF:9
LH:9
BRF:0
BRH:0
FNF:4
FNH:4
end_of_record
SF:C:\Users\slavi\source\repos\InternetStore\InternetStore\StoreSection.cs
FN:4,System.String InternetStore.StoreSection::get_Name()
FNDA:1,System.String InternetStore.StoreSection::get_Name()
DA:5,1
FN:6,System.String InternetStore.StoreSection::get_Url()
FNDA:1,System.String InternetStore.StoreSection::get_Url()
DA:7,1
FN:8,System.String InternetStore.StoreSection::get_Id()
FNDA:1,System.String InternetStore.StoreSection::get_Id()
DA:9,1
FN:10,System.Collections.Generic.List`1<InternetStore.StoreItem> InternetStore.StoreSection::get_Items()
FNDA:6,System.Collections.Generic.List`1<InternetStore.StoreItem> InternetStore.StoreSection::get_Items()
DA:11,6
FN:13,System.Void InternetStore.StoreSection::AddItem(InternetStore.StoreItem)
FNDA:4,System.Void InternetStore.StoreSection::AddItem(InternetStore.StoreItem)
DA:14,4
DA:15,4
DA:16,4
FN:17,System.Void InternetStore.StoreSection::.ctor(System.String,System.String,System.String)
FNDA:1,System.Void InternetStore.StoreSection::.ctor(System.String,System.String,System.String)
DA:18,1
DA:19,1
DA:20,1
DA:21,1
DA:22,1
DA:23,1
DA:24,1
LF:14
LH:14
BRF:0
BRH:0
FNF:6
FNH:6
end_of_record